2022-09-12 21:45:40 - [INFO] - {{EXTRACTING FILES}} Extracting compressed files in: /home/stefanck/Thesis/caravel_user_project_analog
2022-09-12 21:45:40 - [INFO] - {{Project Type Info}} analog
2022-09-12 21:45:40 - [INFO] - {{Project GDS Info}} user_analog_project_wrapper: 7b0315a3f4d0023dcd682db73fc78ca94e343107
2022-09-12 21:45:40 - [INFO] - {{Tools Info}} KLayout: v0.27.10 | Magic: v8.3.315
2022-09-12 21:45:40 - [ERROR] - MPW Precheck failed to get Open PDKs & Skywater PDK versions: Command '['git', '-C', '/home/stefanck/Thesis/pdk/open_pdks', 'rev-parse', '--verify', 'HEAD']' returned non-zero exit status 128.
2022-09-12 21:45:40 - [INFO] - {{START}} Precheck Started, the full log 'precheck.log' will be located in '/home/stefanck/Thesis/caravel_user_project_analog/precheck_results/12_SEP_2022___21_45_40/logs'
2022-09-12 21:45:40 - [INFO] - {{PRECHECK SEQUENCE}} Precheck will run the following checks: [License, Makefile, Default, Documentation, Consistency, XOR, Magic DRC, Klayout FEOL, Klayout BEOL, Klayout Offgrid, Klayout Metal Minimum Clear Area Density, Klayout Pin Label Purposes Overlapping Drawing, Klayout ZeroArea]
2022-09-12 21:45:40 - [INFO] - {{STEP UPDATE}} Executing Check 1 of 13: License
2022-09-12 21:45:42 - [INFO] - An approved LICENSE (Apache-2.0) was found in /home/stefanck/Thesis/caravel_user_project_analog.
2022-09-12 21:45:42 - [INFO] - {{MAIN LICENSE CHECK PASSED}} An approved LICENSE was found in project root.
2022-09-12 21:45:43 - [INFO] - An approved LICENSE (Apache-2.0) was found in /home/stefanck/Thesis/caravel_user_project_analog.
2022-09-12 21:45:44 - [INFO] - An approved LICENSE (Apache-2.0) was found in /home/stefanck/Thesis/caravel_user_project_analog.
2022-09-12 21:45:44 - [INFO] - {{SUBMODULES LICENSE CHECK PASSED}} No prohibited LICENSE file(s) was found in project submodules
2022-09-12 21:45:44 - [INFO] - {{SPDX COMPLIANCE CHECK PASSED}} Project is compliant with the SPDX Standard
2022-09-12 21:45:44 - [INFO] - {{STEP UPDATE}} Executing Check 2 of 13: Makefile
2022-09-12 21:45:44 - [INFO] - {{MAKEFILE CHECK PASSED}} Makefile valid.
2022-09-12 21:45:44 - [INFO] - {{STEP UPDATE}} Executing Check 3 of 13: Default
2022-09-12 21:45:44 - [INFO] - {{README DEFAULT CHECK PASSED}} Project 'README.md' was modified and is not identical to the default 'README.md'
2022-09-12 21:45:44 - [INFO] - {{CONTENT DEFAULT CHECK PASSED}} Project 'gds' was modified and is not identical to the default 'gds'
2022-09-12 21:45:44 - [INFO] - {{STEP UPDATE}} Executing Check 4 of 13: Documentation
2022-09-12 21:45:44 - [INFO] - {{DOCUMENTATION CHECK PASSED}} Project documentation is appropriate.
2022-09-12 21:45:44 - [INFO] - {{STEP UPDATE}} Executing Check 5 of 13: Consistency
2022-09-12 21:45:46 - [INFO] - HIERARCHY CHECK PASSED: Module user_analog_project_wrapper is instantiated in caravan. 
2022-09-12 21:45:46 - [INFO] - COMPLEXITY CHECK PASSED: Netlist caravan contains at least 8 instances (68 instances). 
2022-09-12 21:45:46 - [INFO] - MODELING CHECK PASSED: Netlist caravan is structural.
2022-09-12 21:45:46 - [INFO] - SUBMODULE HOOKS CHECK PASSED: All module ports for user_analog_project_wrapper are correctly connected in the top level netlist caravan.
2022-09-12 21:45:46 - [INFO] - {{NETLIST CONSISTENCY CHECK PASSED}} caravan netlist passed all consistency checks.
2022-09-12 21:45:46 - [INFO] - PORTS CHECK PASSED: Netlist user_analog_project_wrapper ports match the golden wrapper ports
2022-09-12 21:45:46 - [INFO] - COMPLEXITY CHECK PASSED: Netlist user_analog_project_wrapper contains at least 1 instances (2 instances). 
2022-09-12 21:45:46 - [INFO] - MODELING CHECK PASSED: Netlist user_analog_project_wrapper is structural.
2022-09-12 21:45:46 - [INFO] - LAYOUT CHECK PASSED: The GDS layout for user_analog_project_wrapper matches the provided structural netlist.
2022-09-12 21:45:46 - [INFO] - {{NETLIST CONSISTENCY CHECK PASSED}} user_analog_project_wrapper netlist passed all consistency checks.
2022-09-12 21:45:46 - [INFO] - {{CONSISTENCY CHECK PASSED}} The user netlist and the top netlist are valid.
2022-09-12 21:45:46 - [INFO] - {{STEP UPDATE}} Executing Check 6 of 13: XOR
2022-09-12 21:45:49 - [INFO] - {{XOR CHECK UPDATE}} Total XOR differences: 0, for more details view /home/stefanck/Thesis/caravel_user_project_analog/precheck_results/12_SEP_2022___21_45_40/outputs/user_analog_project_wrapper.xor.gds
2022-09-12 21:45:49 - [INFO] - {{XOR CHECK PASSED}} The GDS file has no XOR violations.
2022-09-12 21:45:49 - [INFO] - {{STEP UPDATE}} Executing Check 7 of 13: Magic DRC
2022-09-12 21:45:49 - [INFO] - 0 DRC violations
2022-09-12 21:45:49 - [INFO] - {{MAGIC DRC CHECK PASSED}} The GDS file, user_analog_project_wrapper.gds, has no DRC violations.
2022-09-12 21:45:49 - [INFO] - {{STEP UPDATE}} Executing Check 8 of 13: Klayout FEOL
2022-09-12 21:45:52 - [INFO] - No DRC Violations found
2022-09-12 21:45:52 - [INFO] - {{Klayout FEOL CHECK PASSED}} The GDS file, user_analog_project_wrapper.gds, has no DRC violations.
2022-09-12 21:45:52 - [INFO] - {{STEP UPDATE}} Executing Check 9 of 13: Klayout BEOL
2022-09-12 21:45:55 - [INFO] - No DRC Violations found
2022-09-12 21:45:55 - [INFO] - {{Klayout BEOL CHECK PASSED}} The GDS file, user_analog_project_wrapper.gds, has no DRC violations.
2022-09-12 21:45:55 - [INFO] - {{STEP UPDATE}} Executing Check 10 of 13: Klayout Offgrid
2022-09-12 21:45:58 - [INFO] - No DRC Violations found
2022-09-12 21:45:58 - [INFO] - {{Klayout Offgrid CHECK PASSED}} The GDS file, user_analog_project_wrapper.gds, has no DRC violations.
2022-09-12 21:45:58 - [INFO] - {{STEP UPDATE}} Executing Check 11 of 13: Klayout Metal Minimum Clear Area Density
2022-09-12 21:45:59 - [INFO] - No DRC Violations found
2022-09-12 21:45:59 - [INFO] - {{Klayout Metal Minimum Clear Area Density CHECK PASSED}} The GDS file, user_analog_project_wrapper.gds, has no DRC violations.
2022-09-12 21:45:59 - [INFO] - {{STEP UPDATE}} Executing Check 12 of 13: Klayout Pin Label Purposes Overlapping Drawing
2022-09-12 21:46:01 - [INFO] - No DRC Violations found
2022-09-12 21:46:01 - [INFO] - {{Klayout Pin Label Purposes Overlapping Drawing CHECK PASSED}} The GDS file, user_analog_project_wrapper.gds, has no DRC violations.
2022-09-12 21:46:01 - [INFO] - {{STEP UPDATE}} Executing Check 13 of 13: Klayout ZeroArea
2022-09-12 21:46:02 - [INFO] - No DRC Violations found
2022-09-12 21:46:02 - [INFO] - {{Klayout ZeroArea CHECK PASSED}} The GDS file, user_analog_project_wrapper.gds, has no DRC violations.
2022-09-12 21:46:02 - [INFO] - {{FINISH}} Executing Finished, the full log 'precheck.log' can be found in '/home/stefanck/Thesis/caravel_user_project_analog/precheck_results/12_SEP_2022___21_45_40/logs'
2022-09-12 21:46:02 - [INFO] - {{SUCCESS}} All Checks Passed !!!
