2022-08-31 12:45:37 - [INFO] - {{EXTRACTING FILES}} Extracting compressed files in: /home/stefanck/caravel_user_project_analog
2022-08-31 12:45:37 - [INFO] - {{Project Type Info}} analog
2022-08-31 12:45:37 - [INFO] - {{Project GDS Info}} user_analog_project_wrapper: 729b18141a37d262025d4250413dfdfd759e7c83
2022-08-31 12:45:37 - [INFO] - {{Tools Info}} KLayout: v0.27.10 | Magic: v8.3.315
2022-08-31 12:45:37 - [ERROR] - MPW Precheck failed to get Open PDKs & Skywater PDK versions: Command '['git', '-C', '/home/stefanck/pdk/open_pdks', 'rev-parse', '--verify', 'HEAD']' returned non-zero exit status 128.
2022-08-31 12:45:37 - [INFO] - {{START}} Precheck Started, the full log 'precheck.log' will be located in '/home/stefanck/caravel_user_project_analog/precheck_results/31_AUG_2022___12_45_37/logs'
2022-08-31 12:45:37 - [INFO] - {{PRECHECK SEQUENCE}} Precheck will run the following checks: [License, Makefile, Default, Documentation, Consistency, XOR, Magic DRC, Klayout FEOL, Klayout BEOL, Klayout Offgrid, Klayout Metal Minimum Clear Area Density, Klayout Pin Label Purposes Overlapping Drawing, Klayout ZeroArea]
2022-08-31 12:45:37 - [INFO] - {{STEP UPDATE}} Executing Check 1 of 13: License
2022-08-31 12:45:38 - [INFO] - An approved LICENSE (Apache-2.0) was found in /home/stefanck/caravel_user_project_analog.
2022-08-31 12:45:38 - [INFO] - {{MAIN LICENSE CHECK PASSED}} An approved LICENSE was found in project root.
2022-08-31 12:45:39 - [INFO] - An approved LICENSE (Apache-2.0) was found in /home/stefanck/caravel_user_project_analog.
2022-08-31 12:45:40 - [INFO] - An approved LICENSE (Apache-2.0) was found in /home/stefanck/caravel_user_project_analog.
2022-08-31 12:45:40 - [INFO] - {{SUBMODULES LICENSE CHECK PASSED}} No prohibited LICENSE file(s) was found in project submodules
2022-08-31 12:45:40 - [INFO] - {{SPDX COMPLIANCE CHECK PASSED}} Project is compliant with the SPDX Standard
2022-08-31 12:45:40 - [INFO] - {{STEP UPDATE}} Executing Check 2 of 13: Makefile
2022-08-31 12:45:40 - [INFO] - {{MAKEFILE CHECK PASSED}} Makefile valid.
2022-08-31 12:45:40 - [INFO] - {{STEP UPDATE}} Executing Check 3 of 13: Default
2022-08-31 12:45:40 - [INFO] - {{README DEFAULT CHECK PASSED}} Project 'README.md' was modified and is not identical to the default 'README.md'
2022-08-31 12:45:40 - [INFO] - {{CONTENT DEFAULT CHECK PASSED}} Project 'gds' was modified and is not identical to the default 'gds'
2022-08-31 12:45:40 - [INFO] - {{STEP UPDATE}} Executing Check 4 of 13: Documentation
2022-08-31 12:45:40 - [INFO] - {{DOCUMENTATION CHECK PASSED}} Project documentation is appropriate.
2022-08-31 12:45:40 - [INFO] - {{STEP UPDATE}} Executing Check 5 of 13: Consistency
2022-08-31 12:45:40 - [CRITICAL] - {{PARSING NETLISTS FAILED}} The provided spice netlists fail parsing because: Top module user_analog_project_wrapper not found in /home/stefanck/caravel_user_project_analog/netgen/user_analog_project_wrapper.spice.
2022-08-31 12:45:40 - [WARNING] - {{CONSISTENCY CHECK FAILED}} The user netlist and the top netlist are not valid.
2022-08-31 12:45:40 - [INFO] - {{STEP UPDATE}} Executing Check 6 of 13: XOR
2022-08-31 12:45:41 - [ERROR] - Top cell name user_analog_project_wrapper not found.
2022-08-31 12:45:41 - [WARNING] - {{XOR CHECK FAILED}} The GDS file has non-conforming geometries.
2022-08-31 12:45:41 - [INFO] - {{STEP UPDATE}} Executing Check 7 of 13: Magic DRC
2022-08-31 12:45:41 - [INFO] - 0 DRC violations
2022-08-31 12:45:41 - [INFO] - {{MAGIC DRC CHECK PASSED}} The GDS file, user_analog_project_wrapper.gds, has no DRC violations.
2022-08-31 12:45:41 - [INFO] - {{STEP UPDATE}} Executing Check 8 of 13: Klayout FEOL
2022-08-31 12:45:44 - [INFO] - No DRC Violations found
2022-08-31 12:45:44 - [INFO] - {{Klayout FEOL CHECK PASSED}} The GDS file, user_analog_project_wrapper.gds, has no DRC violations.
2022-08-31 12:45:44 - [INFO] - {{STEP UPDATE}} Executing Check 9 of 13: Klayout BEOL
2022-08-31 12:45:47 - [INFO] - No DRC Violations found
2022-08-31 12:45:47 - [INFO] - {{Klayout BEOL CHECK PASSED}} The GDS file, user_analog_project_wrapper.gds, has no DRC violations.
2022-08-31 12:45:47 - [INFO] - {{STEP UPDATE}} Executing Check 10 of 13: Klayout Offgrid
2022-08-31 12:45:50 - [INFO] - No DRC Violations found
2022-08-31 12:45:50 - [INFO] - {{Klayout Offgrid CHECK PASSED}} The GDS file, user_analog_project_wrapper.gds, has no DRC violations.
2022-08-31 12:45:50 - [INFO] - {{STEP UPDATE}} Executing Check 11 of 13: Klayout Metal Minimum Clear Area Density
2022-08-31 12:45:51 - [INFO] - No DRC Violations found
2022-08-31 12:45:51 - [INFO] - {{Klayout Metal Minimum Clear Area Density CHECK PASSED}} The GDS file, user_analog_project_wrapper.gds, has no DRC violations.
2022-08-31 12:45:51 - [INFO] - {{STEP UPDATE}} Executing Check 12 of 13: Klayout Pin Label Purposes Overlapping Drawing
