2022-08-30 20:18:16 - [INFO] - {{EXTRACTING FILES}} Extracting compressed files in: /home/stefanck/caravel_user_project_analog
2022-08-30 20:18:16 - [INFO] - {{Project Type Info}} analog
2022-08-30 20:18:16 - [INFO] - {{Project GDS Info}} user_analog_project_wrapper: c3bbd321d8e134e18ebb015ae4cd1d8fad84e162
2022-08-30 20:18:16 - [INFO] - {{Tools Info}} KLayout: v0.27.10 | Magic: v8.3.315
2022-08-30 20:18:16 - [ERROR] - MPW Precheck failed to get Open PDKs & Skywater PDK versions: Command '['git', '-C', '/home/stefanck/pdk/open_pdks', 'rev-parse', '--verify', 'HEAD']' returned non-zero exit status 128.
2022-08-30 20:18:16 - [INFO] - {{START}} Precheck Started, the full log 'precheck.log' will be located in '/home/stefanck/caravel_user_project_analog/precheck_results/30_AUG_2022___20_18_16/logs'
2022-08-30 20:18:16 - [INFO] - {{PRECHECK SEQUENCE}} Precheck will run the following checks: [License, Makefile, Default, Documentation, Consistency, XOR, Magic DRC, Klayout FEOL, Klayout BEOL, Klayout Offgrid, Klayout Metal Minimum Clear Area Density, Klayout Pin Label Purposes Overlapping Drawing, Klayout ZeroArea]
2022-08-30 20:18:16 - [INFO] - {{STEP UPDATE}} Executing Check 1 of 13: License
2022-08-30 20:18:17 - [INFO] - An approved LICENSE (Apache-2.0) was found in /home/stefanck/caravel_user_project_analog.
2022-08-30 20:18:17 - [INFO] - {{MAIN LICENSE CHECK PASSED}} An approved LICENSE was found in project root.
2022-08-30 20:18:18 - [INFO] - An approved LICENSE (Apache-2.0) was found in /home/stefanck/caravel_user_project_analog.
2022-08-30 20:18:19 - [INFO] - An approved LICENSE (Apache-2.0) was found in /home/stefanck/caravel_user_project_analog.
2022-08-30 20:18:19 - [INFO] - {{SUBMODULES LICENSE CHECK PASSED}} No prohibited LICENSE file(s) was found in project submodules
2022-08-30 20:18:19 - [INFO] - {{SPDX COMPLIANCE CHECK PASSED}} Project is compliant with the SPDX Standard
2022-08-30 20:18:19 - [INFO] - {{STEP UPDATE}} Executing Check 2 of 13: Makefile
2022-08-30 20:18:19 - [INFO] - {{MAKEFILE CHECK PASSED}} Makefile valid.
2022-08-30 20:18:19 - [INFO] - {{STEP UPDATE}} Executing Check 3 of 13: Default
2022-08-30 20:18:19 - [INFO] - {{README DEFAULT CHECK PASSED}} Project 'README.md' was modified and is not identical to the default 'README.md'
2022-08-30 20:18:19 - [INFO] - {{CONTENT DEFAULT CHECK PASSED}} Project 'gds' was modified and is not identical to the default 'gds'
2022-08-30 20:18:19 - [INFO] - {{STEP UPDATE}} Executing Check 4 of 13: Documentation
2022-08-30 20:18:19 - [INFO] - {{DOCUMENTATION CHECK PASSED}} Project documentation is appropriate.
2022-08-30 20:18:19 - [INFO] - {{STEP UPDATE}} Executing Check 5 of 13: Consistency
2022-08-30 20:18:21 - [INFO] - HIERARCHY CHECK PASSED: Module user_analog_project_wrapper is instantiated in caravan. 
2022-08-30 20:18:21 - [INFO] - COMPLEXITY CHECK PASSED: Netlist caravan contains at least 8 instances (68 instances). 
2022-08-30 20:18:21 - [INFO] - MODELING CHECK PASSED: Netlist caravan is structural.
2022-08-30 20:18:21 - [WARNING] - SUBMODULE HOOKS CHECK FAILED: The user power port vccd1 is not connected to the correct power domain in the top level netlist. It is connected to mprj/vccd1 but it should be connected to vccd1_core.
2022-08-30 20:18:21 - [WARNING] - {{NETLIST CONSISTENCY CHECK FAILED}} caravan netlist failed 1 consistency check(s): ['SUBMODULE HOOKS'].
2022-08-30 20:18:21 - [INFO] - PORTS CHECK PASSED: Netlist user_analog_project_wrapper ports match the golden wrapper ports
2022-08-30 20:18:21 - [INFO] - COMPLEXITY CHECK PASSED: Netlist user_analog_project_wrapper contains at least 1 instances (11 instances). 
2022-08-30 20:18:21 - [INFO] - MODELING CHECK PASSED: Netlist user_analog_project_wrapper is structural.
2022-08-30 20:18:21 - [INFO] - LAYOUT CHECK PASSED: The GDS layout for user_analog_project_wrapper matches the provided structural netlist.
2022-08-30 20:18:21 - [INFO] - {{NETLIST CONSISTENCY CHECK PASSED}} user_analog_project_wrapper netlist passed all consistency checks.
2022-08-30 20:18:21 - [WARNING] - {{CONSISTENCY CHECK FAILED}} The user netlist and the top netlist are not valid.
2022-08-30 20:18:21 - [INFO] - {{STEP UPDATE}} Executing Check 6 of 13: XOR
2022-08-30 20:18:24 - [INFO] - {{XOR CHECK UPDATE}} Total XOR differences: 0, for more details view /home/stefanck/caravel_user_project_analog/precheck_results/30_AUG_2022___20_18_16/outputs/user_analog_project_wrapper.xor.gds
2022-08-30 20:18:24 - [INFO] - {{XOR CHECK PASSED}} The GDS file has no XOR violations.
2022-08-30 20:18:24 - [INFO] - {{STEP UPDATE}} Executing Check 7 of 13: Magic DRC
2022-08-30 20:18:24 - [INFO] - 0 DRC violations
2022-08-30 20:18:24 - [INFO] - {{MAGIC DRC CHECK PASSED}} The GDS file, user_analog_project_wrapper.gds, has no DRC violations.
2022-08-30 20:18:24 - [INFO] - {{STEP UPDATE}} Executing Check 8 of 13: Klayout FEOL
2022-08-30 20:18:27 - [INFO] - No DRC Violations found
2022-08-30 20:18:27 - [INFO] - {{Klayout FEOL CHECK PASSED}} The GDS file, user_analog_project_wrapper.gds, has no DRC violations.
2022-08-30 20:18:27 - [INFO] - {{STEP UPDATE}} Executing Check 9 of 13: Klayout BEOL
2022-08-30 20:18:35 - [INFO] - No DRC Violations found
2022-08-30 20:18:35 - [INFO] - {{Klayout BEOL CHECK PASSED}} The GDS file, user_analog_project_wrapper.gds, has no DRC violations.
2022-08-30 20:18:35 - [INFO] - {{STEP UPDATE}} Executing Check 10 of 13: Klayout Offgrid
2022-08-30 20:18:38 - [INFO] - No DRC Violations found
2022-08-30 20:18:38 - [INFO] - {{Klayout Offgrid CHECK PASSED}} The GDS file, user_analog_project_wrapper.gds, has no DRC violations.
2022-08-30 20:18:38 - [INFO] - {{STEP UPDATE}} Executing Check 11 of 13: Klayout Metal Minimum Clear Area Density
2022-08-30 20:18:39 - [INFO] - No DRC Violations found
2022-08-30 20:18:39 - [INFO] - {{Klayout Metal Minimum Clear Area Density CHECK PASSED}} The GDS file, user_analog_project_wrapper.gds, has no DRC violations.
2022-08-30 20:18:39 - [INFO] - {{STEP UPDATE}} Executing Check 12 of 13: Klayout Pin Label Purposes Overlapping Drawing
2022-08-30 20:18:40 - [INFO] - No DRC Violations found
2022-08-30 20:18:40 - [INFO] - {{Klayout Pin Label Purposes Overlapping Drawing CHECK PASSED}} The GDS file, user_analog_project_wrapper.gds, has no DRC violations.
2022-08-30 20:18:40 - [INFO] - {{STEP UPDATE}} Executing Check 13 of 13: Klayout ZeroArea
2022-08-30 20:18:41 - [INFO] - No DRC Violations found
2022-08-30 20:18:41 - [INFO] - {{Klayout ZeroArea CHECK PASSED}} The GDS file, user_analog_project_wrapper.gds, has no DRC violations.
2022-08-30 20:18:41 - [INFO] - {{FINISH}} Executing Finished, the full log 'precheck.log' can be found in '/home/stefanck/caravel_user_project_analog/precheck_results/30_AUG_2022___20_18_16/logs'
2022-08-30 20:18:41 - [CRITICAL] - {{FAILURE}} 1 Check(s) Failed: ['Consistency'] !!!
